<?xml version="1.0" encoding="UTF-8"?>
<!-- Generated by org.testng.reporters.JUnitXMLReporter -->
<testsuite hostname="VBTSCPTESTING02" ignored="0" name="HomePageTest" tests="3" failures="0" timestamp="04 Sep 2018 07:39:18 GMT" time="36.196" errors="0">
  <testcase name="ValidateHomePageTitle" time="0.011" classname="com.hcm.vbts.tests.HomePageTest"/>
  <testcase name="ValidateHomePageURL" time="0.046" classname="com.hcm.vbts.tests.HomePageTest"/>
  <testcase name="ValidateHomePageHCMLogo" time="0.094" classname="com.hcm.vbts.tests.HomePageTest"/>
</testsuite> <!-- HomePageTest -->
