<?xml version="1.0" encoding="UTF-8"?>
<!-- Generated by org.testng.reporters.JUnitXMLReporter -->
<testsuite hostname="VBTSCPTESTING02" ignored="0" name="HomePageTest" tests="3" failures="0" timestamp="01 Sep 2018 10:56:06 GMT" time="38.274" errors="0">
  <testcase name="ValidateHomePageTitle" time="0.006" classname="com.hcm.vbts.tests.HomePageTest"/>
  <testcase name="ValidateHomePageURL" time="0.008" classname="com.hcm.vbts.tests.HomePageTest"/>
  <testcase name="ValidateHomePageHCMLogo" time="0.089" classname="com.hcm.vbts.tests.HomePageTest"/>
</testsuite> <!-- HomePageTest -->
