<?xml version="1.0" encoding="UTF-8"?>
<!-- Generated by org.testng.reporters.JUnitXMLReporter -->
<testsuite hostname="VBTSCPTESTING02" ignored="0" name="LoginPageTest" tests="6" failures="0" timestamp="04 Sep 2018 07:38:42 GMT" time="59.13" errors="0">
  <testcase name="ValidateLoginPageTitle" time="0.016" classname="com.hcm.vbts.tests.LoginPageTest"/>
  <testcase name="ValidateLoginPageURL" time="0.016" classname="com.hcm.vbts.tests.LoginPageTest"/>
  <testcase name="ValidateLoginPagePhoneLogo" time="0.13" classname="com.hcm.vbts.tests.LoginPageTest"/>
  <testcase name="Emp_Login" time="5.277" classname="com.hcm.vbts.tests.LoginPageTest"/>
  <testcase name="RM_Login" time="5.38" classname="com.hcm.vbts.tests.LoginPageTest"/>
  <testcase name="HR_Login" time="5.165" classname="com.hcm.vbts.tests.LoginPageTest"/>
</testsuite> <!-- LoginPageTest -->
