<?xml version="1.0" encoding="UTF-8"?>
<!-- Generated by org.testng.reporters.JUnitXMLReporter -->
<testsuite hostname="VBTSCPTESTING02" ignored="0" name="LoginPageTest" tests="6" failures="0" timestamp="05 Sep 2018 08:01:56 GMT" time="102.231" errors="0">
  <testcase name="ValidateLoginPageTitle" time="0.033" classname="com.hcm.vbts.tests.LoginPageTest"/>
  <testcase name="ValidateLoginPageURL" time="0.011" classname="com.hcm.vbts.tests.LoginPageTest"/>
  <testcase name="ValidateLoginPagePhoneLogo" time="1.086" classname="com.hcm.vbts.tests.LoginPageTest"/>
  <testcase name="Emp_Login" time="10.435" classname="com.hcm.vbts.tests.LoginPageTest"/>
  <testcase name="RM_Login" time="6.006" classname="com.hcm.vbts.tests.LoginPageTest"/>
  <testcase name="HR_Login" time="5.525" classname="com.hcm.vbts.tests.LoginPageTest"/>
</testsuite> <!-- LoginPageTest -->
