<?xml version="1.0" encoding="UTF-8"?>
<testng-results skipped="0" failed="0" ignored="0" total="9" passed="9">
  <reporter-output>
    <line>
      <![CDATA[Execution Begining Suite: < HCM Suite >]]>
    </line>
    <line>
      <![CDATA[Execution Begining Test: < LoginPageTest >]]>
    </line>
    <line>
      <![CDATA[
]]>
    </line>
    <line>
      <![CDATA[+++++++++++++++++++++++++++++++++++++++++++++++++++++++++++++++++++++++++++++++]]>
    </line>
    <line>
      <![CDATA[TEST----------->>::::|| ValidateLoginPageTitle ||:::: 05-09-2018-01:30:31 ]]>
    </line>
    <line>
      <![CDATA[-------------------------------------------------------------------------------]]>
    </line>
    <line>
      <![CDATA[Login Page Title is: Login]]>
    </line>
    <line>
      <![CDATA[Test Method Resides in com.hcm.vbts.tests.LoginPageTest]]>
    </line>
    <line>
      <![CDATA[-------------------------------------------------------------------------------]]>
    </line>
    <line>
      <![CDATA[DONE==>>----<< ValidateLoginPageTitle >>]]>
    </line>
    <line>
      <![CDATA[R E S U L T--->>::::::::TEST PASSED ::::::::: 05-09-2018-01:30:31 ]]>
    </line>
    <line>
      <![CDATA[+++++++++++++++++++++++++++++++++++++++++++++++++++++++++++++++++++++++++++++++]]>
    </line>
    <line>
      <![CDATA[
]]>
    </line>
    <line>
      <![CDATA[+++++++++++++++++++++++++++++++++++++++++++++++++++++++++++++++++++++++++++++++]]>
    </line>
    <line>
      <![CDATA[TEST----------->>::::|| ValidateLoginPageURL ||:::: 05-09-2018-01:30:49 ]]>
    </line>
    <line>
      <![CDATA[-------------------------------------------------------------------------------]]>
    </line>
    <line>
      <![CDATA[LoginPageURL is http://192.168.2.140:8282/thcm/]]>
    </line>
    <line>
      <![CDATA[Test Method Resides in com.hcm.vbts.tests.LoginPageTest]]>
    </line>
    <line>
      <![CDATA[-------------------------------------------------------------------------------]]>
    </line>
    <line>
      <![CDATA[DONE==>>----<< ValidateLoginPageURL >>]]>
    </line>
    <line>
      <![CDATA[R E S U L T--->>::::::::TEST PASSED ::::::::: 05-09-2018-01:30:49 ]]>
    </line>
    <line>
      <![CDATA[+++++++++++++++++++++++++++++++++++++++++++++++++++++++++++++++++++++++++++++++]]>
    </line>
    <line>
      <![CDATA[
]]>
    </line>
    <line>
      <![CDATA[+++++++++++++++++++++++++++++++++++++++++++++++++++++++++++++++++++++++++++++++]]>
    </line>
    <line>
      <![CDATA[TEST----------->>::::|| ValidateLoginPagePhoneLogo ||:::: 05-09-2018-01:31:00 ]]>
    </line>
    <line>
      <![CDATA[-------------------------------------------------------------------------------]]>
    </line>
    <line>
      <![CDATA[Phone Logo is Displayed in Login Page]]>
    </line>
    <line>
      <![CDATA[Test Method Resides in com.hcm.vbts.tests.LoginPageTest]]>
    </line>
    <line>
      <![CDATA[-------------------------------------------------------------------------------]]>
    </line>
    <line>
      <![CDATA[DONE==>>----<< ValidateLoginPagePhoneLogo >>]]>
    </line>
    <line>
      <![CDATA[R E S U L T--->>::::::::TEST PASSED ::::::::: 05-09-2018-01:31:01 ]]>
    </line>
    <line>
      <![CDATA[+++++++++++++++++++++++++++++++++++++++++++++++++++++++++++++++++++++++++++++++]]>
    </line>
    <line>
      <![CDATA[
]]>
    </line>
    <line>
      <![CDATA[+++++++++++++++++++++++++++++++++++++++++++++++++++++++++++++++++++++++++++++++]]>
    </line>
    <line>
      <![CDATA[TEST----------->>::::|| Emp_Login ||:::: 05-09-2018-01:31:15 ]]>
    </line>
    <line>
      <![CDATA[-------------------------------------------------------------------------------]]>
    </line>
    <line>
      <![CDATA[Test Method Resides in com.hcm.vbts.tests.LoginPageTest]]>
    </line>
    <line>
      <![CDATA[-------------------------------------------------------------------------------]]>
    </line>
    <line>
      <![CDATA[DONE==>>----<< Emp_Login >>]]>
    </line>
    <line>
      <![CDATA[R E S U L T--->>::::::::TEST PASSED ::::::::: 05-09-2018-01:31:26 ]]>
    </line>
    <line>
      <![CDATA[+++++++++++++++++++++++++++++++++++++++++++++++++++++++++++++++++++++++++++++++]]>
    </line>
    <line>
      <![CDATA[
]]>
    </line>
    <line>
      <![CDATA[+++++++++++++++++++++++++++++++++++++++++++++++++++++++++++++++++++++++++++++++]]>
    </line>
    <line>
      <![CDATA[TEST----------->>::::|| RM_Login ||:::: 05-09-2018-01:31:35 ]]>
    </line>
    <line>
      <![CDATA[-------------------------------------------------------------------------------]]>
    </line>
    <line>
      <![CDATA[Test Method Resides in com.hcm.vbts.tests.LoginPageTest]]>
    </line>
    <line>
      <![CDATA[-------------------------------------------------------------------------------]]>
    </line>
    <line>
      <![CDATA[DONE==>>----<< RM_Login >>]]>
    </line>
    <line>
      <![CDATA[R E S U L T--->>::::::::TEST PASSED ::::::::: 05-09-2018-01:31:41 ]]>
    </line>
    <line>
      <![CDATA[+++++++++++++++++++++++++++++++++++++++++++++++++++++++++++++++++++++++++++++++]]>
    </line>
    <line>
      <![CDATA[
]]>
    </line>
    <line>
      <![CDATA[+++++++++++++++++++++++++++++++++++++++++++++++++++++++++++++++++++++++++++++++]]>
    </line>
    <line>
      <![CDATA[TEST----------->>::::|| HR_Login ||:::: 05-09-2018-01:31:49 ]]>
    </line>
    <line>
      <![CDATA[-------------------------------------------------------------------------------]]>
    </line>
    <line>
      <![CDATA[Test Method Resides in com.hcm.vbts.tests.LoginPageTest]]>
    </line>
    <line>
      <![CDATA[-------------------------------------------------------------------------------]]>
    </line>
    <line>
      <![CDATA[DONE==>>----<< HR_Login >>]]>
    </line>
    <line>
      <![CDATA[R E S U L T--->>::::::::TEST PASSED ::::::::: 05-09-2018-01:31:55 ]]>
    </line>
    <line>
      <![CDATA[+++++++++++++++++++++++++++++++++++++++++++++++++++++++++++++++++++++++++++++++]]>
    </line>
    <line>
      <![CDATA[Completed Executing Test:< LoginPageTest >]]>
    </line>
    <line>
      <![CDATA[Execution Begining Test: < HomePageTest >]]>
    </line>
    <line>
      <![CDATA[
]]>
    </line>
    <line>
      <![CDATA[+++++++++++++++++++++++++++++++++++++++++++++++++++++++++++++++++++++++++++++++]]>
    </line>
    <line>
      <![CDATA[TEST----------->>::::|| ValidateHomePageTitle ||:::: 05-09-2018-01:32:09 ]]>
    </line>
    <line>
      <![CDATA[-------------------------------------------------------------------------------]]>
    </line>
    <line>
      <![CDATA[Home Page Title is: HCM]]>
    </line>
    <line>
      <![CDATA[Test Method Resides in com.hcm.vbts.tests.HomePageTest]]>
    </line>
    <line>
      <![CDATA[-------------------------------------------------------------------------------]]>
    </line>
    <line>
      <![CDATA[DONE==>>----<< ValidateHomePageTitle >>]]>
    </line>
    <line>
      <![CDATA[R E S U L T--->>::::::::TEST PASSED ::::::::: 05-09-2018-01:32:09 ]]>
    </line>
    <line>
      <![CDATA[+++++++++++++++++++++++++++++++++++++++++++++++++++++++++++++++++++++++++++++++]]>
    </line>
    <line>
      <![CDATA[
]]>
    </line>
    <line>
      <![CDATA[+++++++++++++++++++++++++++++++++++++++++++++++++++++++++++++++++++++++++++++++]]>
    </line>
    <line>
      <![CDATA[TEST----------->>::::|| ValidateHomePageURL ||:::: 05-09-2018-01:32:27 ]]>
    </line>
    <line>
      <![CDATA[-------------------------------------------------------------------------------]]>
    </line>
    <line>
      <![CDATA[HomePageURL is http://192.168.2.140:8282/thcm/employeeSelfService]]>
    </line>
    <line>
      <![CDATA[Test Method Resides in com.hcm.vbts.tests.HomePageTest]]>
    </line>
    <line>
      <![CDATA[-------------------------------------------------------------------------------]]>
    </line>
    <line>
      <![CDATA[DONE==>>----<< ValidateHomePageURL >>]]>
    </line>
    <line>
      <![CDATA[R E S U L T--->>::::::::TEST PASSED ::::::::: 05-09-2018-01:32:27 ]]>
    </line>
    <line>
      <![CDATA[+++++++++++++++++++++++++++++++++++++++++++++++++++++++++++++++++++++++++++++++]]>
    </line>
    <line>
      <![CDATA[
]]>
    </line>
    <line>
      <![CDATA[+++++++++++++++++++++++++++++++++++++++++++++++++++++++++++++++++++++++++++++++]]>
    </line>
    <line>
      <![CDATA[TEST----------->>::::|| ValidateHomePageHCMLogo ||:::: 05-09-2018-01:32:44 ]]>
    </line>
    <line>
      <![CDATA[-------------------------------------------------------------------------------]]>
    </line>
    <line>
      <![CDATA[HCM Logo is Displayed in Home Page]]>
    </line>
    <line>
      <![CDATA[Test Method Resides in com.hcm.vbts.tests.HomePageTest]]>
    </line>
    <line>
      <![CDATA[-------------------------------------------------------------------------------]]>
    </line>
    <line>
      <![CDATA[DONE==>>----<< ValidateHomePageHCMLogo >>]]>
    </line>
    <line>
      <![CDATA[R E S U L T--->>::::::::TEST PASSED ::::::::: 05-09-2018-01:32:44 ]]>
    </line>
    <line>
      <![CDATA[+++++++++++++++++++++++++++++++++++++++++++++++++++++++++++++++++++++++++++++++]]>
    </line>
  </reporter-output>
  <suite name="HCM Suite" duration-ms="151052" started-at="2018-09-05T08:00:13Z" finished-at="2018-09-05T08:02:44Z">
    <groups>
    </groups>
    <test name="LoginPageTest" duration-ms="102231" started-at="2018-09-05T08:00:13Z" finished-at="2018-09-05T08:01:56Z">
      <class name="com.hcm.vbts.tests.LoginPageTest">
        <test-method status="PASS" signature="SetUp()[pri:0, instance:com.hcm.vbts.tests.LoginPageTest@394e1a0f]" name="SetUp" is-config="true" duration-ms="17878" started-at="2018-09-05T08:00:13Z" finished-at="2018-09-05T08:00:31Z">
          <reporter-output>
          </reporter-output>
        </test-method> <!-- SetUp -->
        <test-method status="PASS" signature="ValidateLoginPageTitle()[pri:0, instance:com.hcm.vbts.tests.LoginPageTest@394e1a0f]" name="ValidateLoginPageTitle" duration-ms="33" started-at="2018-09-05T08:00:31Z" finished-at="2018-09-05T08:00:31Z">
          <reporter-output>
            <line>
              <![CDATA[
]]>
            </line>
            <line>
              <![CDATA[+++++++++++++++++++++++++++++++++++++++++++++++++++++++++++++++++++++++++++++++]]>
            </line>
            <line>
              <![CDATA[TEST----------->>::::|| ValidateLoginPageTitle ||:::: 05-09-2018-01:30:31 ]]>
            </line>
            <line>
              <![CDATA[-------------------------------------------------------------------------------]]>
            </line>
            <line>
              <![CDATA[Login Page Title is: Login]]>
            </line>
            <line>
              <![CDATA[Test Method Resides in com.hcm.vbts.tests.LoginPageTest]]>
            </line>
            <line>
              <![CDATA[-------------------------------------------------------------------------------]]>
            </line>
            <line>
              <![CDATA[DONE==>>----<< ValidateLoginPageTitle >>]]>
            </line>
            <line>
              <![CDATA[R E S U L T--->>::::::::TEST PASSED ::::::::: 05-09-2018-01:30:31 ]]>
            </line>
            <line>
              <![CDATA[+++++++++++++++++++++++++++++++++++++++++++++++++++++++++++++++++++++++++++++++]]>
            </line>
          </reporter-output>
        </test-method> <!-- ValidateLoginPageTitle -->
        <test-method status="PASS" signature="tearDown()[pri:0, instance:com.hcm.vbts.tests.LoginPageTest@394e1a0f]" name="tearDown" is-config="true" duration-ms="828" started-at="2018-09-05T08:00:31Z" finished-at="2018-09-05T08:00:32Z">
          <reporter-output>
          </reporter-output>
        </test-method> <!-- tearDown -->
        <test-method status="PASS" signature="SetUp()[pri:0, instance:com.hcm.vbts.tests.LoginPageTest@394e1a0f]" name="SetUp" is-config="true" duration-ms="17296" started-at="2018-09-05T08:00:32Z" finished-at="2018-09-05T08:00:49Z">
          <reporter-output>
          </reporter-output>
        </test-method> <!-- SetUp -->
        <test-method status="PASS" signature="ValidateLoginPageURL()[pri:1, instance:com.hcm.vbts.tests.LoginPageTest@394e1a0f]" name="ValidateLoginPageURL" duration-ms="11" started-at="2018-09-05T08:00:49Z" finished-at="2018-09-05T08:00:49Z">
          <reporter-output>
            <line>
              <![CDATA[
]]>
            </line>
            <line>
              <![CDATA[+++++++++++++++++++++++++++++++++++++++++++++++++++++++++++++++++++++++++++++++]]>
            </line>
            <line>
              <![CDATA[TEST----------->>::::|| ValidateLoginPageURL ||:::: 05-09-2018-01:30:49 ]]>
            </line>
            <line>
              <![CDATA[-------------------------------------------------------------------------------]]>
            </line>
            <line>
              <![CDATA[LoginPageURL is http://192.168.2.140:8282/thcm/]]>
            </line>
            <line>
              <![CDATA[Test Method Resides in com.hcm.vbts.tests.LoginPageTest]]>
            </line>
            <line>
              <![CDATA[-------------------------------------------------------------------------------]]>
            </line>
            <line>
              <![CDATA[DONE==>>----<< ValidateLoginPageURL >>]]>
            </line>
            <line>
              <![CDATA[R E S U L T--->>::::::::TEST PASSED ::::::::: 05-09-2018-01:30:49 ]]>
            </line>
            <line>
              <![CDATA[+++++++++++++++++++++++++++++++++++++++++++++++++++++++++++++++++++++++++++++++]]>
            </line>
          </reporter-output>
        </test-method> <!-- ValidateLoginPageURL -->
        <test-method status="PASS" signature="tearDown()[pri:0, instance:com.hcm.vbts.tests.LoginPageTest@394e1a0f]" name="tearDown" is-config="true" duration-ms="600" started-at="2018-09-05T08:00:49Z" finished-at="2018-09-05T08:00:50Z">
          <reporter-output>
          </reporter-output>
        </test-method> <!-- tearDown -->
        <test-method status="PASS" signature="SetUp()[pri:0, instance:com.hcm.vbts.tests.LoginPageTest@394e1a0f]" name="SetUp" is-config="true" duration-ms="9802" started-at="2018-09-05T08:00:50Z" finished-at="2018-09-05T08:01:00Z">
          <reporter-output>
          </reporter-output>
        </test-method> <!-- SetUp -->
        <test-method status="PASS" signature="ValidateLoginPagePhoneLogo()[pri:2, instance:com.hcm.vbts.tests.LoginPageTest@394e1a0f]" name="ValidateLoginPagePhoneLogo" duration-ms="1086" started-at="2018-09-05T08:01:00Z" finished-at="2018-09-05T08:01:01Z">
          <reporter-output>
            <line>
              <![CDATA[
]]>
            </line>
            <line>
              <![CDATA[+++++++++++++++++++++++++++++++++++++++++++++++++++++++++++++++++++++++++++++++]]>
            </line>
            <line>
              <![CDATA[TEST----------->>::::|| ValidateLoginPagePhoneLogo ||:::: 05-09-2018-01:31:00 ]]>
            </line>
            <line>
              <![CDATA[-------------------------------------------------------------------------------]]>
            </line>
            <line>
              <![CDATA[Phone Logo is Displayed in Login Page]]>
            </line>
            <line>
              <![CDATA[Test Method Resides in com.hcm.vbts.tests.LoginPageTest]]>
            </line>
            <line>
              <![CDATA[-------------------------------------------------------------------------------]]>
            </line>
            <line>
              <![CDATA[DONE==>>----<< ValidateLoginPagePhoneLogo >>]]>
            </line>
            <line>
              <![CDATA[R E S U L T--->>::::::::TEST PASSED ::::::::: 05-09-2018-01:31:01 ]]>
            </line>
            <line>
              <![CDATA[+++++++++++++++++++++++++++++++++++++++++++++++++++++++++++++++++++++++++++++++]]>
            </line>
          </reporter-output>
        </test-method> <!-- ValidateLoginPagePhoneLogo -->
        <test-method status="PASS" signature="tearDown()[pri:0, instance:com.hcm.vbts.tests.LoginPageTest@394e1a0f]" name="tearDown" is-config="true" duration-ms="3411" started-at="2018-09-05T08:01:01Z" finished-at="2018-09-05T08:01:04Z">
          <reporter-output>
          </reporter-output>
        </test-method> <!-- tearDown -->
        <test-method status="PASS" signature="SetUp()[pri:0, instance:com.hcm.vbts.tests.LoginPageTest@394e1a0f]" name="SetUp" is-config="true" duration-ms="11091" started-at="2018-09-05T08:01:04Z" finished-at="2018-09-05T08:01:15Z">
          <reporter-output>
          </reporter-output>
        </test-method> <!-- SetUp -->
        <test-method status="PASS" signature="Emp_Login()[pri:3, instance:com.hcm.vbts.tests.LoginPageTest@394e1a0f]" name="Emp_Login" duration-ms="10435" started-at="2018-09-05T08:01:15Z" finished-at="2018-09-05T08:01:26Z">
          <reporter-output>
            <line>
              <![CDATA[
]]>
            </line>
            <line>
              <![CDATA[+++++++++++++++++++++++++++++++++++++++++++++++++++++++++++++++++++++++++++++++]]>
            </line>
            <line>
              <![CDATA[TEST----------->>::::|| Emp_Login ||:::: 05-09-2018-01:31:15 ]]>
            </line>
            <line>
              <![CDATA[-------------------------------------------------------------------------------]]>
            </line>
            <line>
              <![CDATA[Test Method Resides in com.hcm.vbts.tests.LoginPageTest]]>
            </line>
            <line>
              <![CDATA[-------------------------------------------------------------------------------]]>
            </line>
            <line>
              <![CDATA[DONE==>>----<< Emp_Login >>]]>
            </line>
            <line>
              <![CDATA[R E S U L T--->>::::::::TEST PASSED ::::::::: 05-09-2018-01:31:26 ]]>
            </line>
            <line>
              <![CDATA[+++++++++++++++++++++++++++++++++++++++++++++++++++++++++++++++++++++++++++++++]]>
            </line>
          </reporter-output>
        </test-method> <!-- Emp_Login -->
        <test-method status="PASS" signature="tearDown()[pri:0, instance:com.hcm.vbts.tests.LoginPageTest@394e1a0f]" name="tearDown" is-config="true" duration-ms="697" started-at="2018-09-05T08:01:26Z" finished-at="2018-09-05T08:01:27Z">
          <reporter-output>
          </reporter-output>
        </test-method> <!-- tearDown -->
        <test-method status="PASS" signature="SetUp()[pri:0, instance:com.hcm.vbts.tests.LoginPageTest@394e1a0f]" name="SetUp" is-config="true" duration-ms="7978" started-at="2018-09-05T08:01:27Z" finished-at="2018-09-05T08:01:35Z">
          <reporter-output>
          </reporter-output>
        </test-method> <!-- SetUp -->
        <test-method status="PASS" signature="RM_Login()[pri:4, instance:com.hcm.vbts.tests.LoginPageTest@394e1a0f]" name="RM_Login" duration-ms="6006" started-at="2018-09-05T08:01:35Z" finished-at="2018-09-05T08:01:41Z">
          <reporter-output>
            <line>
              <![CDATA[
]]>
            </line>
            <line>
              <![CDATA[+++++++++++++++++++++++++++++++++++++++++++++++++++++++++++++++++++++++++++++++]]>
            </line>
            <line>
              <![CDATA[TEST----------->>::::|| RM_Login ||:::: 05-09-2018-01:31:35 ]]>
            </line>
            <line>
              <![CDATA[-------------------------------------------------------------------------------]]>
            </line>
            <line>
              <![CDATA[Test Method Resides in com.hcm.vbts.tests.LoginPageTest]]>
            </line>
            <line>
              <![CDATA[-------------------------------------------------------------------------------]]>
            </line>
            <line>
              <![CDATA[DONE==>>----<< RM_Login >>]]>
            </line>
            <line>
              <![CDATA[R E S U L T--->>::::::::TEST PASSED ::::::::: 05-09-2018-01:31:41 ]]>
            </line>
            <line>
              <![CDATA[+++++++++++++++++++++++++++++++++++++++++++++++++++++++++++++++++++++++++++++++]]>
            </line>
          </reporter-output>
        </test-method> <!-- RM_Login -->
        <test-method status="PASS" signature="tearDown()[pri:0, instance:com.hcm.vbts.tests.LoginPageTest@394e1a0f]" name="tearDown" is-config="true" duration-ms="685" started-at="2018-09-05T08:01:41Z" finished-at="2018-09-05T08:01:41Z">
          <reporter-output>
          </reporter-output>
        </test-method> <!-- tearDown -->
        <test-method status="PASS" signature="SetUp()[pri:0, instance:com.hcm.vbts.tests.LoginPageTest@394e1a0f]" name="SetUp" is-config="true" duration-ms="7983" started-at="2018-09-05T08:01:41Z" finished-at="2018-09-05T08:01:49Z">
          <reporter-output>
          </reporter-output>
        </test-method> <!-- SetUp -->
        <test-method status="PASS" signature="HR_Login()[pri:5, instance:com.hcm.vbts.tests.LoginPageTest@394e1a0f]" name="HR_Login" duration-ms="5525" started-at="2018-09-05T08:01:49Z" finished-at="2018-09-05T08:01:55Z">
          <reporter-output>
            <line>
              <![CDATA[
]]>
            </line>
            <line>
              <![CDATA[+++++++++++++++++++++++++++++++++++++++++++++++++++++++++++++++++++++++++++++++]]>
            </line>
            <line>
              <![CDATA[TEST----------->>::::|| HR_Login ||:::: 05-09-2018-01:31:49 ]]>
            </line>
            <line>
              <![CDATA[-------------------------------------------------------------------------------]]>
            </line>
            <line>
              <![CDATA[Test Method Resides in com.hcm.vbts.tests.LoginPageTest]]>
            </line>
            <line>
              <![CDATA[-------------------------------------------------------------------------------]]>
            </line>
            <line>
              <![CDATA[DONE==>>----<< HR_Login >>]]>
            </line>
            <line>
              <![CDATA[R E S U L T--->>::::::::TEST PASSED ::::::::: 05-09-2018-01:31:55 ]]>
            </line>
            <line>
              <![CDATA[+++++++++++++++++++++++++++++++++++++++++++++++++++++++++++++++++++++++++++++++]]>
            </line>
          </reporter-output>
        </test-method> <!-- HR_Login -->
        <test-method status="PASS" signature="tearDown()[pri:0, instance:com.hcm.vbts.tests.LoginPageTest@394e1a0f]" name="tearDown" is-config="true" duration-ms="846" started-at="2018-09-05T08:01:55Z" finished-at="2018-09-05T08:01:56Z">
          <reporter-output>
          </reporter-output>
        </test-method> <!-- tearDown -->
      </class> <!-- com.hcm.vbts.tests.LoginPageTest -->
    </test> <!-- LoginPageTest -->
    <test name="HomePageTest" duration-ms="48805" started-at="2018-09-05T08:01:56Z" finished-at="2018-09-05T08:02:44Z">
      <class name="com.hcm.vbts.tests.HomePageTest">
        <test-method status="PASS" signature="SetUp()[pri:0, instance:com.hcm.vbts.tests.HomePageTest@5faeada1]" name="SetUp" is-config="true" duration-ms="13296" started-at="2018-09-05T08:01:56Z" finished-at="2018-09-05T08:02:09Z">
          <reporter-output>
          </reporter-output>
        </test-method> <!-- SetUp -->
        <test-method status="PASS" signature="ValidateHomePageTitle()[pri:0, instance:com.hcm.vbts.tests.HomePageTest@5faeada1]" name="ValidateHomePageTitle" duration-ms="31" started-at="2018-09-05T08:02:09Z" finished-at="2018-09-05T08:02:09Z">
          <reporter-output>
            <line>
              <![CDATA[
]]>
            </line>
            <line>
              <![CDATA[+++++++++++++++++++++++++++++++++++++++++++++++++++++++++++++++++++++++++++++++]]>
            </line>
            <line>
              <![CDATA[TEST----------->>::::|| ValidateHomePageTitle ||:::: 05-09-2018-01:32:09 ]]>
            </line>
            <line>
              <![CDATA[-------------------------------------------------------------------------------]]>
            </line>
            <line>
              <![CDATA[Home Page Title is: HCM]]>
            </line>
            <line>
              <![CDATA[Test Method Resides in com.hcm.vbts.tests.HomePageTest]]>
            </line>
            <line>
              <![CDATA[-------------------------------------------------------------------------------]]>
            </line>
            <line>
              <![CDATA[DONE==>>----<< ValidateHomePageTitle >>]]>
            </line>
            <line>
              <![CDATA[R E S U L T--->>::::::::TEST PASSED ::::::::: 05-09-2018-01:32:09 ]]>
            </line>
            <line>
              <![CDATA[+++++++++++++++++++++++++++++++++++++++++++++++++++++++++++++++++++++++++++++++]]>
            </line>
          </reporter-output>
        </test-method> <!-- ValidateHomePageTitle -->
        <test-method status="PASS" signature="tearDown()[pri:0, instance:com.hcm.vbts.tests.HomePageTest@5faeada1]" name="tearDown" is-config="true" duration-ms="710" started-at="2018-09-05T08:02:09Z" finished-at="2018-09-05T08:02:10Z">
          <reporter-output>
          </reporter-output>
        </test-method> <!-- tearDown -->
        <test-method status="PASS" signature="SetUp()[pri:0, instance:com.hcm.vbts.tests.HomePageTest@5faeada1]" name="SetUp" is-config="true" duration-ms="17602" started-at="2018-09-05T08:02:10Z" finished-at="2018-09-05T08:02:27Z">
          <reporter-output>
          </reporter-output>
        </test-method> <!-- SetUp -->
        <test-method status="PASS" signature="ValidateHomePageURL()[pri:1, instance:com.hcm.vbts.tests.HomePageTest@5faeada1]" name="ValidateHomePageURL" duration-ms="11" started-at="2018-09-05T08:02:27Z" finished-at="2018-09-05T08:02:27Z">
          <reporter-output>
            <line>
              <![CDATA[
]]>
            </line>
            <line>
              <![CDATA[+++++++++++++++++++++++++++++++++++++++++++++++++++++++++++++++++++++++++++++++]]>
            </line>
            <line>
              <![CDATA[TEST----------->>::::|| ValidateHomePageURL ||:::: 05-09-2018-01:32:27 ]]>
            </line>
            <line>
              <![CDATA[-------------------------------------------------------------------------------]]>
            </line>
            <line>
              <![CDATA[HomePageURL is http://192.168.2.140:8282/thcm/employeeSelfService]]>
            </line>
            <line>
              <![CDATA[Test Method Resides in com.hcm.vbts.tests.HomePageTest]]>
            </line>
            <line>
              <![CDATA[-------------------------------------------------------------------------------]]>
            </line>
            <line>
              <![CDATA[DONE==>>----<< ValidateHomePageURL >>]]>
            </line>
            <line>
              <![CDATA[R E S U L T--->>::::::::TEST PASSED ::::::::: 05-09-2018-01:32:27 ]]>
            </line>
            <line>
              <![CDATA[+++++++++++++++++++++++++++++++++++++++++++++++++++++++++++++++++++++++++++++++]]>
            </line>
          </reporter-output>
        </test-method> <!-- ValidateHomePageURL -->
        <test-method status="PASS" signature="tearDown()[pri:0, instance:com.hcm.vbts.tests.HomePageTest@5faeada1]" name="tearDown" is-config="true" duration-ms="893" started-at="2018-09-05T08:02:27Z" finished-at="2018-09-05T08:02:28Z">
          <reporter-output>
          </reporter-output>
        </test-method> <!-- tearDown -->
        <test-method status="PASS" signature="SetUp()[pri:0, instance:com.hcm.vbts.tests.HomePageTest@5faeada1]" name="SetUp" is-config="true" duration-ms="15593" started-at="2018-09-05T08:02:28Z" finished-at="2018-09-05T08:02:44Z">
          <reporter-output>
          </reporter-output>
        </test-method> <!-- SetUp -->
        <test-method status="PASS" signature="ValidateHomePageHCMLogo()[pri:2, instance:com.hcm.vbts.tests.HomePageTest@5faeada1]" name="ValidateHomePageHCMLogo" duration-ms="67" started-at="2018-09-05T08:02:44Z" finished-at="2018-09-05T08:02:44Z">
          <reporter-output>
            <line>
              <![CDATA[
]]>
            </line>
            <line>
              <![CDATA[+++++++++++++++++++++++++++++++++++++++++++++++++++++++++++++++++++++++++++++++]]>
            </line>
            <line>
              <![CDATA[TEST----------->>::::|| ValidateHomePageHCMLogo ||:::: 05-09-2018-01:32:44 ]]>
            </line>
            <line>
              <![CDATA[-------------------------------------------------------------------------------]]>
            </line>
            <line>
              <![CDATA[HCM Logo is Displayed in Home Page]]>
            </line>
            <line>
              <![CDATA[Test Method Resides in com.hcm.vbts.tests.HomePageTest]]>
            </line>
            <line>
              <![CDATA[-------------------------------------------------------------------------------]]>
            </line>
            <line>
              <![CDATA[DONE==>>----<< ValidateHomePageHCMLogo >>]]>
            </line>
            <line>
              <![CDATA[R E S U L T--->>::::::::TEST PASSED ::::::::: 05-09-2018-01:32:44 ]]>
            </line>
            <line>
              <![CDATA[+++++++++++++++++++++++++++++++++++++++++++++++++++++++++++++++++++++++++++++++]]>
            </line>
          </reporter-output>
        </test-method> <!-- ValidateHomePageHCMLogo -->
        <test-method status="PASS" signature="tearDown()[pri:0, instance:com.hcm.vbts.tests.HomePageTest@5faeada1]" name="tearDown" is-config="true" duration-ms="597" started-at="2018-09-05T08:02:44Z" finished-at="2018-09-05T08:02:44Z">
          <reporter-output>
          </reporter-output>
        </test-method> <!-- tearDown -->
      </class> <!-- com.hcm.vbts.tests.HomePageTest -->
    </test> <!-- HomePageTest -->
  </suite> <!-- HCM Suite -->
</testng-results>
