<?xml version="1.0" encoding="UTF-8"?>
<!-- Generated by org.testng.reporters.JUnitXMLReporter -->
<testsuite hostname="VBTSCPTESTING02" ignored="3" tests="0" failures="0" timestamp="30 Aug 2018 06:37:15 GMT" time="0.0" errors="0">
  <testcase name="ValidateHomePageTitle" time="0.0" classname="com.vbts.hcm.tests.HomePageTest">
    <ignored/>
  </testcase> <!-- ValidateHomePageTitle -->
  <testcase name="ValidateHomePageHCMLogo" time="0.0" classname="com.vbts.hcm.tests.HomePageTest">
    <ignored/>
  </testcase> <!-- ValidateHomePageHCMLogo -->
  <testcase name="ValidateHomePageURL" time="0.0" classname="com.vbts.hcm.tests.HomePageTest">
    <ignored/>
  </testcase> <!-- ValidateHomePageURL -->
</testsuite>
