<?xml version="1.0" encoding="UTF-8"?>
<!-- Generated by org.testng.reporters.JUnitXMLReporter -->
<testsuite hostname="VBTSCPTESTING02" ignored="3" name="LoginPageTest" tests="3" failures="0" timestamp="30 Aug 2018 06:37:15 GMT" time="46.685" errors="0">
  <testcase name="Emp_Login" time="5.547" classname="com.vbts.hcm.tests.LoginPageTest"/>
  <testcase name="RM_Login" time="5.419" classname="com.vbts.hcm.tests.LoginPageTest"/>
  <testcase name="HR_Login" time="5.442" classname="com.vbts.hcm.tests.LoginPageTest"/>
  <testcase name="ValidateLoginPagePhoneLogo" time="0.0" classname="com.vbts.hcm.tests.LoginPageTest">
    <ignored/>
  </testcase> <!-- ValidateLoginPagePhoneLogo -->
  <testcase name="ValidateLoginPageTitle" time="0.0" classname="com.vbts.hcm.tests.LoginPageTest">
    <ignored/>
  </testcase> <!-- ValidateLoginPageTitle -->
  <testcase name="ValidateLoginPageURL" time="0.0" classname="com.vbts.hcm.tests.LoginPageTest">
    <ignored/>
  </testcase> <!-- ValidateLoginPageURL -->
</testsuite> <!-- LoginPageTest -->
